<?xml version='1.0' encoding='UTF-8'?>
<testsuite hostname="Juan" name="ShoppingBasketTest" tests="8" errors="0" failures="0" skipped="0" time="0.051" timestamp="2026-01-14T11:43:09">
          <properties>
[...]
</properties>
          <testcase classname="ShoppingBasketTest" name="ShoppingBasket should calculate subtotal correctly for single items" time="0.046">
                      
                    </testcase><testcase classname="ShoppingBasketTest" name="ShoppingBasket should calculate subtotal with no discounts" time="0.003">
                      
                    </testcase><testcase classname="ShoppingBasketTest" name="ShoppingBasket should apply apples 10% discount" time="0.0">
                      
                    </testcase><testcase classname="ShoppingBasketTest" name="ShoppingBasket should apply soup and bread offer" time="0.0">
                      
                    </testcase><testcase classname="ShoppingBasketTest" name="ShoppingBasket should apply multiple offers" time="0.0">
                      
                    </testcase><testcase classname="ShoppingBasketTest" name="ShoppingBasket should handle multiple breads with soup offer" time="0.0">
                      
                    </testcase><testcase classname="ShoppingBasketTest" name="ShoppingBasket should handle empty basket" time="0.001">
                      
                    </testcase><testcase classname="ShoppingBasketTest" name="ShoppingBasket should ignore invalid items" time="0.001">
                      
                    </testcase>
          <system-out><![CDATA[]]></system-out>
          <system-err><![CDATA[]]></system-err>
        </testsuite>